<?xml version="1.0" encoding="UTF-8"?>
<!-- Generated by org.testng.reporters.JUnitXMLReporter -->
<testsuite ignored="0" hostname="svinayak-lp" failures="0" tests="4" name="Default test" time="4.014" errors="0" timestamp="2024-06-05T08:53:01 IST">
  <testcase classname="api.test.UserTests" name="testCreateUser" time="1.894"/>
  <testcase classname="api.test.UserTests" name="getUserByName" time="1.021"/>
  <testcase classname="api.test.UserTests" name="updateUserByName" time="0.364"/>
  <testcase classname="api.test.UserTests" name="deleteUserByName" time="0.546"/>
</testsuite> <!-- Default test -->
