<?xml version="1.0" encoding="UTF-8"?>
<testng-results ignored="0" total="4" passed="4" failed="0" skipped="0">
  <reporter-output>
  </reporter-output>
  <suite started-at="2024-06-06T10:56:02 IST" name="Surefire suite" finished-at="2024-06-06T10:56:06 IST" duration-ms="4141">
    <groups>
    </groups>
    <test started-at="2024-06-06T10:56:02 IST" name="Surefire test" finished-at="2024-06-06T10:56:06 IST" duration-ms="4141">
      <class name="api.test.UserTests">
        <test-method is-config="true" signature="setUp()[pri:0, instance:api.test.UserTests@4a7f959b]" started-at="2024-06-06T10:56:02 IST" name="setUp" finished-at="2024-06-06T10:56:02 IST" duration-ms="423" status="PASS">
          <reporter-output>
          </reporter-output>
        </test-method> <!-- setUp -->
        <test-method signature="testCreateUser()[pri:1, instance:api.test.UserTests@4a7f959b]" started-at="2024-06-06T10:56:02 IST" name="testCreateUser" finished-at="2024-06-06T10:56:04 IST" duration-ms="1865" status="PASS">
          <reporter-output>
          </reporter-output>
        </test-method> <!-- testCreateUser -->
        <test-method signature="getUserByName()[pri:2, instance:api.test.UserTests@4a7f959b]" started-at="2024-06-06T10:56:04 IST" name="getUserByName" finished-at="2024-06-06T10:56:05 IST" duration-ms="893" status="PASS">
          <reporter-output>
          </reporter-output>
        </test-method> <!-- getUserByName -->
        <test-method signature="updateUserByName()[pri:3, instance:api.test.UserTests@4a7f959b]" started-at="2024-06-06T10:56:05 IST" name="updateUserByName" finished-at="2024-06-06T10:56:05 IST" duration-ms="542" status="PASS">
          <reporter-output>
          </reporter-output>
        </test-method> <!-- updateUserByName -->
        <test-method signature="deleteUserByName()[pri:4, instance:api.test.UserTests@4a7f959b]" started-at="2024-06-06T10:56:05 IST" name="deleteUserByName" finished-at="2024-06-06T10:56:06 IST" duration-ms="387" status="PASS">
          <reporter-output>
          </reporter-output>
        </test-method> <!-- deleteUserByName -->
      </class> <!-- api.test.UserTests -->
    </test> <!-- Surefire test -->
  </suite> <!-- Surefire suite -->
</testng-results>
