<?xml version="1.0" encoding="UTF-8"?>
<testsuite xmlns:xsi="http://www.w3.org/2001/XMLSchema-instance" xsi:noNamespaceSchemaLocation="https://maven.apache.org/surefire/maven-surefire-plugin/xsd/surefire-test-report-3.0.xsd" version="3.0" name="api.test.UserTests" time="4.599" tests="4" errors="0" skipped="0" failures="0">
  <properties>
[...]
</properties>
  <testcase name="testCreateUser" classname="api.test.UserTests" time="1.866">
    <system-out><![CDATA[Post URl fected Using ResourceBundle->https://gorest.co.in/public/v2/users
{
    "id": 6950481,
    "name": "Darnell",
    "email": "amado.rosenbaum@gmail.com",
    "gender": "male",
    "status": "active"
}
Create User 201
]]></system-out>
    <system-err><![CDATA[SLF4J: Failed to load class "org.slf4j.impl.StaticLoggerBinder".
SLF4J: Defaulting to no-operation (NOP) logger implementation
SLF4J: See http://www.slf4j.org/codes.html#StaticLoggerBinder for further details.
]]></system-err>
  </testcase>
  <testcase name="getUserByName" classname="api.test.UserTests" time="0.894">
    <system-out><![CDATA[{
    "id": 6950481,
    "name": "Darnell",
    "email": "amado.rosenbaum@gmail.com",
    "gender": "male",
    "status": "active"
}
Get User 200
]]></system-out>
  </testcase>
  <testcase name="updateUserByName" classname="api.test.UserTests" time="0.541">
    <system-out><![CDATA[{
    "email": "amado.rosenbaum@gmail.com",
    "name": "Darnell",
    "gender": "male",
    "status": "active",
    "id": 6950481
}
Updated User 200
]]></system-out>
  </testcase>
  <testcase name="deleteUserByName" classname="api.test.UserTests" time="0.387">
    <system-out><![CDATA[
Delete User 204
]]></system-out>
  </testcase>
</testsuite>