<?xml version="1.0" encoding="UTF-8"?>
<testng-results ignored="0" total="4" passed="4" failed="0" skipped="0">
  <reporter-output>
  </reporter-output>
  <suite started-at="2024-06-06T10:44:10 IST" name="Suite" finished-at="2024-06-06T10:44:14 IST" duration-ms="4529">
    <groups>
    </groups>
    <test started-at="2024-06-06T10:44:10 IST" name="Test" finished-at="2024-06-06T10:44:14 IST" duration-ms="4529">
      <class name="api.test.UserTests">
        <test-method is-config="true" signature="setUp()[pri:0, instance:api.test.UserTests@58cbafc2]" started-at="2024-06-06T10:44:10 IST" name="setUp" finished-at="2024-06-06T10:44:10 IST" duration-ms="465" status="PASS">
          <reporter-output>
          </reporter-output>
        </test-method> <!-- setUp -->
        <test-method signature="testCreateUser()[pri:1, instance:api.test.UserTests@58cbafc2]" started-at="2024-06-06T10:44:10 IST" name="testCreateUser" finished-at="2024-06-06T10:44:12 IST" duration-ms="1906" status="PASS">
          <reporter-output>
          </reporter-output>
        </test-method> <!-- testCreateUser -->
        <test-method signature="getUserByName()[pri:2, instance:api.test.UserTests@58cbafc2]" started-at="2024-06-06T10:44:12 IST" name="getUserByName" finished-at="2024-06-06T10:44:13 IST" duration-ms="910" status="PASS">
          <reporter-output>
          </reporter-output>
        </test-method> <!-- getUserByName -->
        <test-method signature="updateUserByName()[pri:3, instance:api.test.UserTests@58cbafc2]" started-at="2024-06-06T10:44:13 IST" name="updateUserByName" finished-at="2024-06-06T10:44:14 IST" duration-ms="497" status="PASS">
          <reporter-output>
          </reporter-output>
        </test-method> <!-- updateUserByName -->
        <test-method signature="deleteUserByName()[pri:4, instance:api.test.UserTests@58cbafc2]" started-at="2024-06-06T10:44:14 IST" name="deleteUserByName" finished-at="2024-06-06T10:44:14 IST" duration-ms="531" status="PASS">
          <reporter-output>
          </reporter-output>
        </test-method> <!-- deleteUserByName -->
      </class> <!-- api.test.UserTests -->
    </test> <!-- Test -->
  </suite> <!-- Suite -->
</testng-results>
